<?xml version="1.0" encoding="UTF-8"?>
<!-- Generated by org.testng.reporters.JUnitXMLReporter -->
<testsuite hostname="LAPTOP-OUDA7E8T" ignored="0" name="Dependent Tests" tests="5" failures="0" timestamp="2021-11-09T19:15:06 IST" time="0.191" errors="0">
  <testcase name="OpenBrowser" time="0.017" classname="Training.DependsTestNG"/>
  <testcase name="viewAccount2" time="0.002" classname="Training.DependsTestNG"/>
  <testcase name="login" time="0.004" classname="Training.DependsTestNG"/>
  <testcase name="viewAccount" time="0.004" classname="Training.DependsTestNG"/>
  <testcase name="logout" time="0.004" classname="Training.DependsTestNG"/>
</testsuite> <!-- Dependent Tests -->
