<?xml version="1.0" encoding="UTF-8"?>
<!-- Generated by org.testng.reporters.JUnitXMLReporter -->
<testsuite hostname="LAPTOP-OUDA7E8T" ignored="2" name="GroupTest" tests="1" failures="0" timestamp="2021-11-10T18:09:20 IST" time="0.127" errors="0">
  <testcase name="starting" time="0.022" classname="Training.TestNgGroups"/>
  <testcase name="checkTitle" time="0.0" classname="Training.TestNgGroups">
    <ignored/>
  </testcase> <!-- checkTitle -->
  <testcase name="click_element" time="0.0" classname="Training.TestNgGroups">
    <ignored/>
  </testcase> <!-- click_element -->
</testsuite> <!-- GroupTest -->
